This file contains any messages produced by compilers while
running configure, to aid debugging if configure makes a mistake.

It was created by acl configure 2.2.53, which was
generated by GNU Autoconf 2.69.  Invocation command line was

  $ ./configure --libdir=/usr/lib --libexecdir=/usr/lib --prefix=/usr

## --------- ##
## Platform. ##
## --------- ##

hostname = archlinux
uname -m = x86_64
uname -r = 5.5.11-20200322
uname -s = Linux
uname -v = #1 SMP PREEMPT Mon, 23 Mar 2020 05:41:16 +0000

/usr/bin/uname -p = unknown
/bin/uname -X     = unknown

/bin/arch              = unknown
/usr/bin/arch -k       = unknown
/usr/convex/getsysinfo = unknown
/usr/bin/hostinfo      = unknown
/bin/machine           = unknown
/usr/bin/oslevel       = unknown
/bin/universe          = unknown

PATH: /bin
PATH: /usr/bin
PATH: /usr/local/bin
PATH: /tools/bin
PATH: /usr/lib/jvm/default/bin
PATH: /usr/bin/site_perl
PATH: /usr/bin/vendor_perl
PATH: /usr/bin/core_perl


## ----------- ##
## Core tests. ##
## ----------- ##

configure:2295: checking for a BSD-compatible install
configure:2363: result: /bin/install -c
configure:2374: checking whether build environment is sane
configure:2429: result: yes
configure:2578: checking for a thread-safe mkdir -p
configure:2617: result: /bin/mkdir -p
configure:2624: checking for gawk
configure:2640: found /bin/gawk
configure:2651: result: gawk
configure:2662: checking whether make sets $(MAKE)
configure:2684: result: yes
configure:2713: checking whether make supports nested variables
configure:2730: result: yes
configure:2867: checking whether make supports nested variables
configure:2884: result: yes
configure:2944: checking for gcc
configure:2960: found /bin/gcc
configure:2971: result: gcc
configure:3200: checking for C compiler version
configure:3209: gcc --version >&5
gcc (AetherOS 9.3.0-20200323) 9.3.0
Copyright (C) 2019 Free Software Foundation, Inc.
This is free software; see the source for copying conditions.  There is NO
warranty; not even for MERCHANTABILITY or FITNESS FOR A PARTICULAR PURPOSE.

configure:3220: $? = 0
configure:3209: gcc -v >&5
Using built-in specs.
COLLECT_GCC=gcc
COLLECT_LTO_WRAPPER=/usr/lib/gcc/x86_64-pc-linux-gnu/9.3.0/lto-wrapper
Target: x86_64-pc-linux-gnu
Configured with: /home/aether/Desktop/pkgbuilds/gcc/src/gcc/configure --prefix=/usr --libdir=/usr/lib --libexecdir=/usr/lib --mandir=/usr/share/man --infodir=/usr/share/info --with-pkgversion='AetherOS 9.3.0-20200323' --with-bugurl=https://bugs.archlinux.org/ --enable-languages=c,c++,ada,fortran,go,lto,objc,obj-c++,d --enable-shared --enable-threads=posix --with-system-zlib --with-isl --with-multilib-list=m32,m64,mx32 --enable-__cxa_atexit --disable-libunwind-exceptions --enable-clocale=gnu --disable-libstdcxx-pch --disable-libssp --enable-gnu-unique-object --enable-linker-build-id --enable-lto --enable-plugin --enable-install-libiberty --with-linker-hash-style=gnu --enable-gnu-indirect-function --enable-multilib --disable-werror --enable-checking=release --enable-default-pie --enable-default-ssp --enable-cet=auto gdc_include_dir=/usr/include/dlang/gdc
Thread model: posix
gcc version 9.3.0 (AetherOS 9.3.0-20200323) 
configure:3220: $? = 0
configure:3209: gcc -V >&5
gcc: error: unrecognized command line option '-V'
gcc: fatal error: no input files
compilation terminated.
configure:3220: $? = 1
configure:3209: gcc -qversion >&5
gcc: error: unrecognized command line option '-qversion'; did you mean '--version'?
gcc: fatal error: no input files
compilation terminated.
configure:3220: $? = 1
configure:3240: checking whether the C compiler works
configure:3262: gcc -march=x86-64 -mtune=generic -O2 -pipe -fstack-protector-strong -fno-plt -D_FORTIFY_SOURCE=2 -Wl,-O1,--sort-common,--as-needed,-z,relro,-z,now conftest.c  >&5
configure:3266: $? = 0
configure:3314: result: yes
configure:3317: checking for C compiler default output file name
configure:3319: result: a.out
configure:3325: checking for suffix of executables
configure:3332: gcc -o conftest -march=x86-64 -mtune=generic -O2 -pipe -fstack-protector-strong -fno-plt -D_FORTIFY_SOURCE=2 -Wl,-O1,--sort-common,--as-needed,-z,relro,-z,now conftest.c  >&5
configure:3336: $? = 0
configure:3358: result: 
configure:3380: checking whether we are cross compiling
configure:3388: gcc -o conftest -march=x86-64 -mtune=generic -O2 -pipe -fstack-protector-strong -fno-plt -D_FORTIFY_SOURCE=2 -Wl,-O1,--sort-common,--as-needed,-z,relro,-z,now conftest.c  >&5
configure:3392: $? = 0
configure:3399: ./conftest
configure:3403: $? = 0
configure:3391: result: no
configure:3396: checking for suffix of object files
configure:3418: gcc -c -march=x86-64 -mtune=generic -O2 -pipe -fstack-protector-strong -fno-plt -D_FORTIFY_SOURCE=2 conftest.c >&5
configure:3422: $? = 0
configure:3443: result: o
configure:3447: checking whether we are using the GNU C compiler
configure:3466: gcc -c -march=x86-64 -mtune=generic -O2 -pipe -fstack-protector-strong -fno-plt -D_FORTIFY_SOURCE=2 conftest.c >&5
configure:3466: $? = 0
configure:3475: result: yes
configure:3484: checking whether gcc accepts -g
configure:3504: gcc -c -g -D_FORTIFY_SOURCE=2 conftest.c >&5
configure:3504: $? = 0
configure:3545: result: yes
configure:3562: checking for gcc option to accept ISO C89
configure:3625: gcc  -c -march=x86-64 -mtune=generic -O2 -pipe -fstack-protector-strong -fno-plt -D_FORTIFY_SOURCE=2 conftest.c >&5
configure:3625: $? = 0
configure:3638: result: none needed
configure:3663: checking whether gcc understands -c and -o together
configure:3685: gcc -c conftest.c -o conftest2.o
configure:3688: $? = 0
configure:3685: gcc -c conftest.c -o conftest2.o
configure:3688: $? = 0
configure:3700: result: yes
configure:3728: checking for style of include used by make
configure:3756: result: GNU
configure:3782: checking dependency style of gcc
configure:3893: result: gcc3
configure:3915: checking how to run the C preprocessor
configure:3946: gcc -E -D_FORTIFY_SOURCE=2 conftest.c
In file included from /usr/include/bits/libc-header-start.h:33,
                 from /usr/include/limits.h:26,
                 from /usr/lib/gcc/x86_64-pc-linux-gnu/9.3.0/include-fixed/limits.h:194,
                 from /usr/lib/gcc/x86_64-pc-linux-gnu/9.3.0/include-fixed/syslimits.h:7,
                 from /usr/lib/gcc/x86_64-pc-linux-gnu/9.3.0/include-fixed/limits.h:34,
                 from conftest.c:12:
/usr/include/features.h:397:4: warning: #warning _FORTIFY_SOURCE requires compiling with optimization (-O) [-Wcpp]
  397 | #  warning _FORTIFY_SOURCE requires compiling with optimization (-O)
      |    ^~~~~~~
configure:3946: $? = 0
configure:3960: gcc -E -D_FORTIFY_SOURCE=2 conftest.c
conftest.c:11:10: fatal error: ac_nonexistent.h: No such file or directory
   11 | #include <ac_nonexistent.h>
      |          ^~~~~~~~~~~~~~~~~~
compilation terminated.
configure:3960: $? = 1
configure: failed program was:
| /* confdefs.h */
| #define PACKAGE_NAME "acl"
| #define PACKAGE_TARNAME "acl"
| #define PACKAGE_VERSION "2.2.53"
| #define PACKAGE_STRING "acl 2.2.53"
| #define PACKAGE_BUGREPORT "acl-devel@nongnu.org"
| #define PACKAGE_URL ""
| #define PACKAGE "acl"
| #define VERSION "2.2.53"
| /* end confdefs.h.  */
| #include <ac_nonexistent.h>
configure:3985: result: gcc -E
configure:4005: gcc -E -D_FORTIFY_SOURCE=2 conftest.c
In file included from /usr/include/bits/libc-header-start.h:33,
                 from /usr/include/limits.h:26,
                 from /usr/lib/gcc/x86_64-pc-linux-gnu/9.3.0/include-fixed/limits.h:194,
                 from /usr/lib/gcc/x86_64-pc-linux-gnu/9.3.0/include-fixed/syslimits.h:7,
                 from /usr/lib/gcc/x86_64-pc-linux-gnu/9.3.0/include-fixed/limits.h:34,
                 from conftest.c:12:
/usr/include/features.h:397:4: warning: #warning _FORTIFY_SOURCE requires compiling with optimization (-O) [-Wcpp]
  397 | #  warning _FORTIFY_SOURCE requires compiling with optimization (-O)
      |    ^~~~~~~
configure:4005: $? = 0
configure:4019: gcc -E -D_FORTIFY_SOURCE=2 conftest.c
conftest.c:11:10: fatal error: ac_nonexistent.h: No such file or directory
   11 | #include <ac_nonexistent.h>
      |          ^~~~~~~~~~~~~~~~~~
compilation terminated.
configure:4019: $? = 1
configure: failed program was:
| /* confdefs.h */
| #define PACKAGE_NAME "acl"
| #define PACKAGE_TARNAME "acl"
| #define PACKAGE_VERSION "2.2.53"
| #define PACKAGE_STRING "acl 2.2.53"
| #define PACKAGE_BUGREPORT "acl-devel@nongnu.org"
| #define PACKAGE_URL ""
| #define PACKAGE "acl"
| #define VERSION "2.2.53"
| /* end confdefs.h.  */
| #include <ac_nonexistent.h>
configure:4048: checking for grep that handles long lines and -e
configure:4106: result: /bin/grep
configure:4111: checking for egrep
configure:4173: result: /bin/grep -E
configure:4178: checking for ANSI C header files
configure:4198: gcc -c -march=x86-64 -mtune=generic -O2 -pipe -fstack-protector-strong -fno-plt -D_FORTIFY_SOURCE=2 conftest.c >&5
configure:4198: $? = 0
In file included from /usr/include/bits/libc-header-start.h:33,
                 from /usr/include/string.h:26,
                 from conftest.c:11:
/usr/include/features.h:397:4: warning: #warning _FORTIFY_SOURCE requires compiling with optimization (-O) [-Wcpp]
  397 | #  warning _FORTIFY_SOURCE requires compiling with optimization (-O)
      |    ^~~~~~~
In file included from /usr/include/bits/libc-header-start.h:33,
                 from /usr/include/stdlib.h:25,
                 from conftest.c:11:
/usr/include/features.h:397:4: warning: #warning _FORTIFY_SOURCE requires compiling with optimization (-O) [-Wcpp]
  397 | #  warning _FORTIFY_SOURCE requires compiling with optimization (-O)
      |    ^~~~~~~
configure:4271: gcc -o conftest -march=x86-64 -mtune=generic -O2 -pipe -fstack-protector-strong -fno-plt -D_FORTIFY_SOURCE=2 -Wl,-O1,--sort-common,--as-needed,-z,relro,-z,now conftest.c  >&5
configure:4271: $? = 0
configure:4271: ./conftest
configure:4271: $? = 0
configure:4282: result: yes
configure:4295: checking for sys/types.h
configure:4295: gcc -c -march=x86-64 -mtune=generic -O2 -pipe -fstack-protector-strong -fno-plt -D_FORTIFY_SOURCE=2 conftest.c >&5
configure:4295: $? = 0
configure:4295: result: yes
configure:4295: checking for sys/stat.h
configure:4295: gcc -c -march=x86-64 -mtune=generic -O2 -pipe -fstack-protector-strong -fno-plt -D_FORTIFY_SOURCE=2 conftest.c >&5
configure:4295: $? = 0
configure:4295: result: yes
configure:4295: checking for stdlib.h
configure:4295: gcc -c -march=x86-64 -mtune=generic -O2 -pipe -fstack-protector-strong -fno-plt -D_FORTIFY_SOURCE=2 conftest.c >&5
configure:4295: $? = 0
configure:4295: result: yes
configure:4295: checking for string.h
configure:4295: gcc -c -march=x86-64 -mtune=generic -O2 -pipe -fstack-protector-strong -fno-plt -D_FORTIFY_SOURCE=2 conftest.c >&5
configure:4295: $? = 0
configure:4295: result: yes
configure:4295: checking for memory.h
configure:4295: gcc -c -march=x86-64 -mtune=generic -O2 -pipe -fstack-protector-strong -fno-plt -D_FORTIFY_SOURCE=2 conftest.c >&5
configure:4295: $? = 0
configure:4295: result: yes
configure:4295: checking for strings.h
configure:4295: gcc -c -march=x86-64 -mtune=generic -O2 -pipe -fstack-protector-strong -fno-plt -D_FORTIFY_SOURCE=2 conftest.c >&5
configure:4295: $? = 0
configure:4295: result: yes
configure:4295: checking for inttypes.h
configure:4295: gcc -c -march=x86-64 -mtune=generic -O2 -pipe -fstack-protector-strong -fno-plt -D_FORTIFY_SOURCE=2 conftest.c >&5
configure:4295: $? = 0
configure:4295: result: yes
configure:4295: checking for stdint.h
configure:4295: gcc -c -march=x86-64 -mtune=generic -O2 -pipe -fstack-protector-strong -fno-plt -D_FORTIFY_SOURCE=2 conftest.c >&5
configure:4295: $? = 0
configure:4295: result: yes
configure:4295: checking for unistd.h
configure:4295: gcc -c -march=x86-64 -mtune=generic -O2 -pipe -fstack-protector-strong -fno-plt -D_FORTIFY_SOURCE=2 conftest.c >&5
configure:4295: $? = 0
configure:4295: result: yes
configure:4308: checking minix/config.h usability
configure:4308: gcc -c -march=x86-64 -mtune=generic -O2 -pipe -fstack-protector-strong -fno-plt -D_FORTIFY_SOURCE=2 conftest.c >&5
conftest.c:54:10: fatal error: minix/config.h: No such file or directory
   54 | #include <minix/config.h>
      |          ^~~~~~~~~~~~~~~~
compilation terminated.
configure:4308: $? = 1
configure: failed program was:
| /* confdefs.h */
| #define PACKAGE_NAME "acl"
| #define PACKAGE_TARNAME "acl"
| #define PACKAGE_VERSION "2.2.53"
| #define PACKAGE_STRING "acl 2.2.53"
| #define PACKAGE_BUGREPORT "acl-devel@nongnu.org"
| #define PACKAGE_URL ""
| #define PACKAGE "acl"
| #define VERSION "2.2.53"
| #define STDC_HEADERS 1
| #define HAVE_SYS_TYPES_H 1
| #define HAVE_SYS_STAT_H 1
| #define HAVE_STDLIB_H 1
| #define HAVE_STRING_H 1
| #define HAVE_MEMORY_H 1
| #define HAVE_STRINGS_H 1
| #define HAVE_INTTYPES_H 1
| #define HAVE_STDINT_H 1
| #define HAVE_UNISTD_H 1
| /* end confdefs.h.  */
| #include <stdio.h>
| #ifdef HAVE_SYS_TYPES_H
| # include <sys/types.h>
| #endif
| #ifdef HAVE_SYS_STAT_H
| # include <sys/stat.h>
| #endif
| #ifdef STDC_HEADERS
| # include <stdlib.h>
| # include <stddef.h>
| #else
| # ifdef HAVE_STDLIB_H
| #  include <stdlib.h>
| # endif
| #endif
| #ifdef HAVE_STRING_H
| # if !defined STDC_HEADERS && defined HAVE_MEMORY_H
| #  include <memory.h>
| # endif
| # include <string.h>
| #endif
| #ifdef HAVE_STRINGS_H
| # include <strings.h>
| #endif
| #ifdef HAVE_INTTYPES_H
| # include <inttypes.h>
| #endif
| #ifdef HAVE_STDINT_H
| # include <stdint.h>
| #endif
| #ifdef HAVE_UNISTD_H
| # include <unistd.h>
| #endif
| #include <minix/config.h>
configure:4308: result: no
configure:4308: checking minix/config.h presence
configure:4308: gcc -E -D_FORTIFY_SOURCE=2 conftest.c
conftest.c:21:10: fatal error: minix/config.h: No such file or directory
   21 | #include <minix/config.h>
      |          ^~~~~~~~~~~~~~~~
compilation terminated.
configure:4308: $? = 1
configure: failed program was:
| /* confdefs.h */
| #define PACKAGE_NAME "acl"
| #define PACKAGE_TARNAME "acl"
| #define PACKAGE_VERSION "2.2.53"
| #define PACKAGE_STRING "acl 2.2.53"
| #define PACKAGE_BUGREPORT "acl-devel@nongnu.org"
| #define PACKAGE_URL ""
| #define PACKAGE "acl"
| #define VERSION "2.2.53"
| #define STDC_HEADERS 1
| #define HAVE_SYS_TYPES_H 1
| #define HAVE_SYS_STAT_H 1
| #define HAVE_STDLIB_H 1
| #define HAVE_STRING_H 1
| #define HAVE_MEMORY_H 1
| #define HAVE_STRINGS_H 1
| #define HAVE_INTTYPES_H 1
| #define HAVE_STDINT_H 1
| #define HAVE_UNISTD_H 1
| /* end confdefs.h.  */
| #include <minix/config.h>
configure:4308: result: no
configure:4308: checking for minix/config.h
configure:4308: result: no
configure:4329: checking whether it is safe to define __EXTENSIONS__
configure:4347: gcc -c -march=x86-64 -mtune=generic -O2 -pipe -fstack-protector-strong -fno-plt -D_FORTIFY_SOURCE=2 conftest.c >&5
configure:4347: $? = 0
configure:4354: result: yes
configure:4368: checking whether __attribute__((visibility())) is supported
configure:4389: result: yes
configure:4405: checking whether byte ordering is bigendian
configure:4420: gcc -c -march=x86-64 -mtune=generic -O2 -pipe -fstack-protector-strong -fno-plt -fvisibility=hidden -D_FORTIFY_SOURCE=2 conftest.c >&5
conftest.c:29:9: error: unknown type name 'not'
   29 |         not a universal capable compiler
      |         ^~~
conftest.c:29:15: error: expected '=', ',', ';', 'asm' or '__attribute__' before 'universal'
   29 |         not a universal capable compiler
      |               ^~~~~~~~~
conftest.c:29:15: error: unknown type name 'universal'
configure:4420: $? = 1
configure: failed program was:
| /* confdefs.h */
| #define PACKAGE_NAME "acl"
| #define PACKAGE_TARNAME "acl"
| #define PACKAGE_VERSION "2.2.53"
| #define PACKAGE_STRING "acl 2.2.53"
| #define PACKAGE_BUGREPORT "acl-devel@nongnu.org"
| #define PACKAGE_URL ""
| #define PACKAGE "acl"
| #define VERSION "2.2.53"
| #define STDC_HEADERS 1
| #define HAVE_SYS_TYPES_H 1
| #define HAVE_SYS_STAT_H 1
| #define HAVE_STDLIB_H 1
| #define HAVE_STRING_H 1
| #define HAVE_MEMORY_H 1
| #define HAVE_STRINGS_H 1
| #define HAVE_INTTYPES_H 1
| #define HAVE_STDINT_H 1
| #define HAVE_UNISTD_H 1
| #define __EXTENSIONS__ 1
| #define _ALL_SOURCE 1
| #define _GNU_SOURCE 1
| #define _POSIX_PTHREAD_SEMANTICS 1
| #define _TANDEM_SOURCE 1
| #define HAVE_VISIBILITY_ATTRIBUTE /**/
| #define EXPORT __attribute__ ((visibility ("default"))) extern
| /* end confdefs.h.  */
| #ifndef __APPLE_CC__
| 	       not a universal capable compiler
| 	     #endif
| 	     typedef int dummy;
| 
configure:4465: gcc -c -march=x86-64 -mtune=generic -O2 -pipe -fstack-protector-strong -fno-plt -fvisibility=hidden -D_FORTIFY_SOURCE=2 conftest.c >&5
configure:4465: $? = 0
configure:4483: gcc -c -march=x86-64 -mtune=generic -O2 -pipe -fstack-protector-strong -fno-plt -fvisibility=hidden -D_FORTIFY_SOURCE=2 conftest.c >&5
conftest.c: In function 'main':
conftest.c:35:4: error: unknown type name 'not'; did you mean 'ino_t'?
   35 |    not big endian
      |    ^~~
      |    ino_t
conftest.c:35:12: error: expected '=', ',', ';', 'asm' or '__attribute__' before 'endian'
   35 |    not big endian
      |            ^~~~~~
configure:4483: $? = 1
configure: failed program was:
| /* confdefs.h */
| #define PACKAGE_NAME "acl"
| #define PACKAGE_TARNAME "acl"
| #define PACKAGE_VERSION "2.2.53"
| #define PACKAGE_STRING "acl 2.2.53"
| #define PACKAGE_BUGREPORT "acl-devel@nongnu.org"
| #define PACKAGE_URL ""
| #define PACKAGE "acl"
| #define VERSION "2.2.53"
| #define STDC_HEADERS 1
| #define HAVE_SYS_TYPES_H 1
| #define HAVE_SYS_STAT_H 1
| #define HAVE_STDLIB_H 1
| #define HAVE_STRING_H 1
| #define HAVE_MEMORY_H 1
| #define HAVE_STRINGS_H 1
| #define HAVE_INTTYPES_H 1
| #define HAVE_STDINT_H 1
| #define HAVE_UNISTD_H 1
| #define __EXTENSIONS__ 1
| #define _ALL_SOURCE 1
| #define _GNU_SOURCE 1
| #define _POSIX_PTHREAD_SEMANTICS 1
| #define _TANDEM_SOURCE 1
| #define HAVE_VISIBILITY_ATTRIBUTE /**/
| #define EXPORT __attribute__ ((visibility ("default"))) extern
| /* end confdefs.h.  */
| #include <sys/types.h>
| 		#include <sys/param.h>
| 
| int
| main ()
| {
| #if BYTE_ORDER != BIG_ENDIAN
| 		 not big endian
| 		#endif
| 
|   ;
|   return 0;
| }
configure:4611: result: no
configure:4636: checking for special C compiler options needed for large files
configure:4681: result: no
configure:4687: checking for _FILE_OFFSET_BITS value needed for large files
configure:4712: gcc -c -march=x86-64 -mtune=generic -O2 -pipe -fstack-protector-strong -fno-plt -fvisibility=hidden -D_FORTIFY_SOURCE=2 conftest.c >&5
configure:4712: $? = 0
configure:4744: result: no
configure:4879: checking for ar
configure:4895: found /bin/ar
configure:4906: result: ar
configure:4932: checking the archiver (ar) interface
configure:4948: gcc -c -march=x86-64 -mtune=generic -O2 -pipe -fstack-protector-strong -fno-plt -fvisibility=hidden -D_FORTIFY_SOURCE=2 conftest.c >&5
configure:4948: $? = 0
configure:4950: ar cru libconftest.a conftest.o >&5
ar: `u' modifier ignored since `D' is the default (see `U')
configure:4953: $? = 0
configure:4952: result: ar
configure:5001: checking build system type
configure:5015: result: x86_64-pc-linux-gnu
configure:5035: checking host system type
configure:5048: result: x86_64-pc-linux-gnu
configure:5089: checking how to print strings
configure:5116: result: printf
configure:5137: checking for a sed that does not truncate output
configure:5201: result: /bin/sed
configure:5219: checking for fgrep
configure:5281: result: /bin/grep -F
configure:5316: checking for ld used by gcc
configure:5383: result: /bin/ld
configure:5390: checking if the linker (/bin/ld) is GNU ld
configure:5405: result: yes
configure:5417: checking for BSD- or MS-compatible name lister (nm)
configure:5471: result: /bin/nm -B
configure:5601: checking the name lister (/bin/nm -B) interface
configure:5608: gcc -c -march=x86-64 -mtune=generic -O2 -pipe -fstack-protector-strong -fno-plt -fvisibility=hidden -D_FORTIFY_SOURCE=2 conftest.c >&5
configure:5611: /bin/nm -B "conftest.o"
configure:5614: output
0000000000000000 B some_variable
configure:5615: result: BSD nm
configure:5618: checking whether ln -s works
configure:5622: result: yes
configure:5630: checking the maximum length of command line arguments
configure:5766: result: 1572864
configure:5814: checking how to convert x86_64-pc-linux-gnu file names to x86_64-pc-linux-gnu format
configure:5854: result: func_convert_file_noop
configure:5861: checking how to convert x86_64-pc-linux-gnu file names to toolchain format
configure:5881: result: func_convert_file_noop
configure:5888: checking for /bin/ld option to reload object files
configure:5895: result: -r
configure:5969: checking for objdump
configure:5985: found /bin/objdump
configure:5996: result: objdump
configure:6028: checking how to recognize dependent libraries
configure:6228: result: pass_all
configure:6313: checking for dlltool
configure:6343: result: no
configure:6373: checking how to associate runtime and link libraries
configure:6400: result: printf %s\n
configure:6524: checking for archiver @FILE support
configure:6541: gcc -c -march=x86-64 -mtune=generic -O2 -pipe -fstack-protector-strong -fno-plt -fvisibility=hidden -D_FORTIFY_SOURCE=2 conftest.c >&5
configure:6541: $? = 0
configure:6544: ar cru libconftest.a @conftest.lst >&5
ar: `u' modifier ignored since `D' is the default (see `U')
configure:6547: $? = 0
configure:6552: ar cru libconftest.a @conftest.lst >&5
ar: `u' modifier ignored since `D' is the default (see `U')
ar: conftest.o: No such file or directory
configure:6555: $? = 1
configure:6554: result: @
configure:6612: checking for strip
configure:6628: found /bin/strip
configure:6639: result: strip
configure:6711: checking for ranlib
configure:6727: found /bin/ranlib
configure:6738: result: ranlib
configure:6840: checking command to parse /bin/nm -B output from gcc object
configure:6993: gcc -c -march=x86-64 -mtune=generic -O2 -pipe -fstack-protector-strong -fno-plt -fvisibility=hidden -D_FORTIFY_SOURCE=2 conftest.c >&5
configure:6996: $? = 0
configure:7000: /bin/nm -B conftest.o \| sed -n -e 's/^.*[ ]\([ABCDGIRSTW][ABCDGIRSTW]*\)[ ][ ]*\([_A-Za-z][_A-Za-z0-9]*\)$/\1 \2 \2/p' | sed '/ __gnu_lto/d' \> conftest.nm
configure:7003: $? = 0
configure:7069: gcc -o conftest -march=x86-64 -mtune=generic -O2 -pipe -fstack-protector-strong -fno-plt -fvisibility=hidden -D_FORTIFY_SOURCE=2 -Wl,-O1,--sort-common,--as-needed,-z,relro,-z,now conftest.c conftstm.o >&5
configure:7072: $? = 0
configure:7110: result: ok
configure:7157: checking for sysroot
configure:7187: result: no
configure:7194: checking for a working dd
configure:7232: result: /bin/dd
configure:7236: checking how to truncate binary pipes
configure:7251: result: /bin/dd bs=4096 count=1
configure:7387: gcc -c -march=x86-64 -mtune=generic -O2 -pipe -fstack-protector-strong -fno-plt -fvisibility=hidden -D_FORTIFY_SOURCE=2 conftest.c >&5
configure:7390: $? = 0
configure:7580: checking for mt
configure:7610: result: no
configure:7630: checking if : is a manifest tool
configure:7636: : '-?'
configure:7644: result: no
configure:8318: checking for dlfcn.h
configure:8318: gcc -c -march=x86-64 -mtune=generic -O2 -pipe -fstack-protector-strong -fno-plt -fvisibility=hidden -D_FORTIFY_SOURCE=2 conftest.c >&5
configure:8318: $? = 0
configure:8318: result: yes
configure:8574: checking for objdir
configure:8589: result: .libs
configure:8853: checking if gcc supports -fno-rtti -fno-exceptions
configure:8871: gcc -c -march=x86-64 -mtune=generic -O2 -pipe -fstack-protector-strong -fno-plt -fvisibility=hidden -D_FORTIFY_SOURCE=2 -fno-rtti -fno-exceptions conftest.c >&5
cc1: warning: command line option '-fno-rtti' is valid for C++/D/ObjC++ but not for C
configure:8875: $? = 0
configure:8888: result: no
configure:9246: checking for gcc option to produce PIC
configure:9253: result: -fPIC -DPIC
configure:9261: checking if gcc PIC flag -fPIC -DPIC works
configure:9279: gcc -c -march=x86-64 -mtune=generic -O2 -pipe -fstack-protector-strong -fno-plt -fvisibility=hidden -D_FORTIFY_SOURCE=2 -fPIC -DPIC -DPIC conftest.c >&5
configure:9283: $? = 0
configure:9296: result: yes
configure:9325: checking if gcc static flag -static works
configure:9353: result: yes
configure:9368: checking if gcc supports -c -o file.o
configure:9389: gcc -c -march=x86-64 -mtune=generic -O2 -pipe -fstack-protector-strong -fno-plt -fvisibility=hidden -D_FORTIFY_SOURCE=2 -o out/conftest2.o conftest.c >&5
configure:9393: $? = 0
configure:9415: result: yes
configure:9423: checking if gcc supports -c -o file.o
configure:9470: result: yes
configure:9503: checking whether the gcc linker (/bin/ld -m elf_x86_64) supports shared libraries
configure:10762: result: yes
configure:10799: checking whether -lc should be explicitly linked in
configure:10807: gcc -c -march=x86-64 -mtune=generic -O2 -pipe -fstack-protector-strong -fno-plt -fvisibility=hidden -D_FORTIFY_SOURCE=2 conftest.c >&5
configure:10810: $? = 0
configure:10825: gcc -shared  -fPIC -DPIC conftest.o  -v -Wl,-soname -Wl,conftest -o conftest 2\>\&1 \| /bin/grep  -lc  \>/dev/null 2\>\&1
configure:10828: $? = 0
configure:10842: result: no
configure:11002: checking dynamic linker characteristics
configure:11596: gcc -o conftest -march=x86-64 -mtune=generic -O2 -pipe -fstack-protector-strong -fno-plt -fvisibility=hidden -D_FORTIFY_SOURCE=2 -Wl,-O1,--sort-common,--as-needed,-z,relro,-z,now -Wl,-rpath -Wl,/foo conftest.c  >&5
configure:11596: $? = 0
configure:11833: result: GNU/Linux ld.so
configure:11955: checking how to hardcode library paths into programs
configure:11980: result: immediate
configure:12528: checking whether stripping libraries is possible
configure:12533: result: yes
configure:12568: checking if libtool supports shared libraries
configure:12570: result: yes
configure:12573: checking whether to build shared libraries
configure:12598: result: yes
configure:12601: checking whether to build static libraries
configure:12605: result: yes
configure:9424: checking whether NLS is requested
configure:9433: result: yes
configure:9473: checking for msgfmt
configure: trying /bin/msgfmt...
0 translated messages.
configure:9505: result: /bin/msgfmt
configure:9514: checking for gmsgfmt
configure:9545: result: /bin/msgfmt
configure:9595: checking for xgettext
configure: trying /bin/xgettext...
/bin/xgettext: warning: file '/dev/null' extension '' is unknown; will try C
configure:9627: result: /bin/xgettext
configure:9672: checking for msgmerge
configure: trying /bin/msgmerge...
configure:9703: result: /bin/msgmerge
configure:9761: checking for ld used by gcc
configure:9828: result: /bin/ld -m elf_x86_64
configure:9835: checking if the linker (/bin/ld -m elf_x86_64) is GNU ld
configure:9850: result: yes
configure:9857: checking for shared library run path origin
configure:9870: result: done
configure:10442: checking for CFPreferencesCopyAppValue
configure:10460: gcc -o conftest -march=x86-64 -mtune=generic -O2 -pipe -fstack-protector-strong -fno-plt -fvisibility=hidden -D_FORTIFY_SOURCE=2 -Wl,-O1,--sort-common,--as-needed,-z,relro,-z,now conftest.c  -Wl,-framework -Wl,CoreFoundation >&5
conftest.c:30:10: fatal error: CoreFoundation/CFPreferences.h: No such file or directory
   30 | #include <CoreFoundation/CFPreferences.h>
      |          ^~~~~~~~~~~~~~~~~~~~~~~~~~~~~~~~
compilation terminated.
configure:10460: $? = 1
configure: failed program was:
| /* confdefs.h */
| #define PACKAGE_NAME "acl"
| #define PACKAGE_TARNAME "acl"
| #define PACKAGE_VERSION "2.2.53"
| #define PACKAGE_STRING "acl 2.2.53"
| #define PACKAGE_BUGREPORT "acl-devel@nongnu.org"
| #define PACKAGE_URL ""
| #define PACKAGE "acl"
| #define VERSION "2.2.53"
| #define STDC_HEADERS 1
| #define HAVE_SYS_TYPES_H 1
| #define HAVE_SYS_STAT_H 1
| #define HAVE_STDLIB_H 1
| #define HAVE_STRING_H 1
| #define HAVE_MEMORY_H 1
| #define HAVE_STRINGS_H 1
| #define HAVE_INTTYPES_H 1
| #define HAVE_STDINT_H 1
| #define HAVE_UNISTD_H 1
| #define __EXTENSIONS__ 1
| #define _ALL_SOURCE 1
| #define _GNU_SOURCE 1
| #define _POSIX_PTHREAD_SEMANTICS 1
| #define _TANDEM_SOURCE 1
| #define HAVE_VISIBILITY_ATTRIBUTE /**/
| #define EXPORT __attribute__ ((visibility ("default"))) extern
| #define HAVE_DLFCN_H 1
| #define LT_OBJDIR ".libs/"
| /* end confdefs.h.  */
| #include <CoreFoundation/CFPreferences.h>
| int
| main ()
| {
| CFPreferencesCopyAppValue(NULL, NULL)
|   ;
|   return 0;
| }
configure:10469: result: no
configure:10476: checking for CFLocaleCopyCurrent
configure:10494: gcc -o conftest -march=x86-64 -mtune=generic -O2 -pipe -fstack-protector-strong -fno-plt -fvisibility=hidden -D_FORTIFY_SOURCE=2 -Wl,-O1,--sort-common,--as-needed,-z,relro,-z,now conftest.c  -Wl,-framework -Wl,CoreFoundation >&5
conftest.c:30:10: fatal error: CoreFoundation/CFLocale.h: No such file or directory
   30 | #include <CoreFoundation/CFLocale.h>
      |          ^~~~~~~~~~~~~~~~~~~~~~~~~~~
compilation terminated.
configure:10494: $? = 1
configure: failed program was:
| /* confdefs.h */
| #define PACKAGE_NAME "acl"
| #define PACKAGE_TARNAME "acl"
| #define PACKAGE_VERSION "2.2.53"
| #define PACKAGE_STRING "acl 2.2.53"
| #define PACKAGE_BUGREPORT "acl-devel@nongnu.org"
| #define PACKAGE_URL ""
| #define PACKAGE "acl"
| #define VERSION "2.2.53"
| #define STDC_HEADERS 1
| #define HAVE_SYS_TYPES_H 1
| #define HAVE_SYS_STAT_H 1
| #define HAVE_STDLIB_H 1
| #define HAVE_STRING_H 1
| #define HAVE_MEMORY_H 1
| #define HAVE_STRINGS_H 1
| #define HAVE_INTTYPES_H 1
| #define HAVE_STDINT_H 1
| #define HAVE_UNISTD_H 1
| #define __EXTENSIONS__ 1
| #define _ALL_SOURCE 1
| #define _GNU_SOURCE 1
| #define _POSIX_PTHREAD_SEMANTICS 1
| #define _TANDEM_SOURCE 1
| #define HAVE_VISIBILITY_ATTRIBUTE /**/
| #define EXPORT __attribute__ ((visibility ("default"))) extern
| #define HAVE_DLFCN_H 1
| #define LT_OBJDIR ".libs/"
| /* end confdefs.h.  */
| #include <CoreFoundation/CFLocale.h>
| int
| main ()
| {
| CFLocaleCopyCurrent();
|   ;
|   return 0;
| }
configure:10503: result: no
configure:10552: checking for GNU gettext in libc
configure:10576: gcc -o conftest -march=x86-64 -mtune=generic -O2 -pipe -fstack-protector-strong -fno-plt -fvisibility=hidden -D_FORTIFY_SOURCE=2 -Wl,-O1,--sort-common,--as-needed,-z,relro,-z,now conftest.c  >&5
configure:10576: $? = 0
configure:10585: result: yes
configure:11413: checking whether to use NLS
configure:11415: result: yes
configure:11418: checking where the gettext function comes from
configure:11429: result: libc
configure:11503: checking attr/error_context.h usability
configure:11503: gcc -c -march=x86-64 -mtune=generic -O2 -pipe -fstack-protector-strong -fno-plt -fvisibility=hidden -D_FORTIFY_SOURCE=2 -DNDEBUG conftest.c >&5
configure:11503: $? = 0
configure:11503: result: yes
configure:11503: checking attr/error_context.h presence
configure:11503: gcc -E -D_FORTIFY_SOURCE=2 -DNDEBUG conftest.c
configure:11503: $? = 0
configure:11503: result: yes
configure:11503: checking for attr/error_context.h
configure:11503: result: yes
configure:11521: checking for getxattr in -lattr
configure:11546: gcc -o conftest -march=x86-64 -mtune=generic -O2 -pipe -fstack-protector-strong -fno-plt -fvisibility=hidden -D_FORTIFY_SOURCE=2 -DNDEBUG -Wl,-O1,--sort-common,--as-needed,-z,relro,-z,now conftest.c -lattr   >&5
configure:11546: $? = 0
configure:11555: result: yes
configure:11687: checking that generated files are newer than configure
configure:11693: result: done
configure:11717: creating ./config.status

## ---------------------- ##
## Running config.status. ##
## ---------------------- ##

This file was extended by acl config.status 2.2.53, which was
generated by GNU Autoconf 2.69.  Invocation command line was

  CONFIG_FILES    = 
  CONFIG_HEADERS  = 
  CONFIG_LINKS    = 
  CONFIG_COMMANDS = 
  $ ./config.status 

on archlinux

config.status:1122: creating libacl.pc
config.status:1122: creating Makefile
config.status:1122: creating po/Makefile.in
config.status:1122: creating include/config.h
config.status:1351: executing depfiles commands
config.status:1351: executing libtool commands
config.status:1351: executing po-directories commands
config.status:1351: executing include/acl commands
config.status:1351: executing include/sys commands

## ---------------- ##
## Cache variables. ##
## ---------------- ##

ac_cv_build=x86_64-pc-linux-gnu
ac_cv_c_bigendian=no
ac_cv_c_compiler_gnu=yes
ac_cv_env_CC_set=
ac_cv_env_CC_value=
ac_cv_env_CFLAGS_set=set
ac_cv_env_CFLAGS_value='-march=x86-64 -mtune=generic -O2 -pipe -fstack-protector-strong -fno-plt'
ac_cv_env_CPPFLAGS_set=set
ac_cv_env_CPPFLAGS_value=-D_FORTIFY_SOURCE=2
ac_cv_env_CPP_set=
ac_cv_env_CPP_value=
ac_cv_env_LDFLAGS_set=set
ac_cv_env_LDFLAGS_value=-Wl,-O1,--sort-common,--as-needed,-z,relro,-z,now
ac_cv_env_LIBS_set=
ac_cv_env_LIBS_value=
ac_cv_env_LT_SYS_LIBRARY_PATH_set=
ac_cv_env_LT_SYS_LIBRARY_PATH_value=
ac_cv_env_build_alias_set=
ac_cv_env_build_alias_value=
ac_cv_env_host_alias_set=
ac_cv_env_host_alias_value=
ac_cv_env_target_alias_set=
ac_cv_env_target_alias_value=
ac_cv_header_attr_error_context_h=yes
ac_cv_header_dlfcn_h=yes
ac_cv_header_inttypes_h=yes
ac_cv_header_memory_h=yes
ac_cv_header_minix_config_h=no
ac_cv_header_stdc=yes
ac_cv_header_stdint_h=yes
ac_cv_header_stdlib_h=yes
ac_cv_header_string_h=yes
ac_cv_header_strings_h=yes
ac_cv_header_sys_stat_h=yes
ac_cv_header_sys_types_h=yes
ac_cv_header_unistd_h=yes
ac_cv_host=x86_64-pc-linux-gnu
ac_cv_lib_attr_getxattr=yes
ac_cv_objext=o
ac_cv_path_EGREP='/bin/grep -E'
ac_cv_path_FGREP='/bin/grep -F'
ac_cv_path_GMSGFMT=/bin/msgfmt
ac_cv_path_GREP=/bin/grep
ac_cv_path_MSGFMT=/bin/msgfmt
ac_cv_path_MSGMERGE=/bin/msgmerge
ac_cv_path_SED=/bin/sed
ac_cv_path_XGETTEXT=/bin/xgettext
ac_cv_path_install='/bin/install -c'
ac_cv_path_lt_DD=/bin/dd
ac_cv_path_mkdir=/bin/mkdir
ac_cv_prog_AWK=gawk
ac_cv_prog_CPP='gcc -E'
ac_cv_prog_ac_ct_AR=ar
ac_cv_prog_ac_ct_CC=gcc
ac_cv_prog_ac_ct_OBJDUMP=objdump
ac_cv_prog_ac_ct_RANLIB=ranlib
ac_cv_prog_ac_ct_STRIP=strip
ac_cv_prog_cc_c89=
ac_cv_prog_cc_g=yes
ac_cv_prog_make_make_set=yes
ac_cv_safe_to_define___extensions__=yes
ac_cv_sys_file_offset_bits=no
ac_cv_sys_largefile_CC=no
acl_cv_hardcode_direct=no
acl_cv_hardcode_libdir_flag_spec='${wl}-rpath ${wl}$libdir'
acl_cv_hardcode_libdir_separator=
acl_cv_hardcode_minus_L=no
acl_cv_libext=a
acl_cv_libname_spec='lib$name'
acl_cv_library_names_spec='$libname$shrext'
acl_cv_path_LD='/bin/ld -m elf_x86_64'
acl_cv_prog_gnu_ld=yes
acl_cv_rpath=done
acl_cv_shlibext=so
acl_cv_wl=-Wl,
am_cv_CC_dependencies_compiler_type=gcc3
am_cv_ar_interface=ar
am_cv_make_support_nested_variables=yes
am_cv_prog_cc_c_o=yes
gt_cv_func_CFLocaleCopyCurrent=no
gt_cv_func_CFPreferencesCopyAppValue=no
gt_cv_func_gnugettext1_libc=yes
libc_cv_visibility_attribute=yes
lt_cv_ar_at_file=@
lt_cv_archive_cmds_need_lc=no
lt_cv_deplibs_check_method=pass_all
lt_cv_file_magic_cmd='$MAGIC_CMD'
lt_cv_file_magic_test_file=
lt_cv_ld_reload_flag=-r
lt_cv_nm_interface='BSD nm'
lt_cv_objdir=.libs
lt_cv_path_LD=/bin/ld
lt_cv_path_NM='/bin/nm -B'
lt_cv_path_mainfest_tool=no
lt_cv_prog_compiler_c_o=yes
lt_cv_prog_compiler_pic='-fPIC -DPIC'
lt_cv_prog_compiler_pic_works=yes
lt_cv_prog_compiler_rtti_exceptions=no
lt_cv_prog_compiler_static_works=yes
lt_cv_prog_gnu_ld=yes
lt_cv_sharedlib_from_linklib_cmd='printf %s\n'
lt_cv_shlibpath_overrides_runpath=no
lt_cv_sys_global_symbol_pipe='sed -n -e '\''s/^.*[	 ]\([ABCDGIRSTW][ABCDGIRSTW]*\)[	 ][	 ]*\([_A-Za-z][_A-Za-z0-9]*\)$/\1 \2 \2/p'\'' | sed '\''/ __gnu_lto/d'\'''
lt_cv_sys_global_symbol_to_c_name_address='sed -n -e '\''s/^: \(.*\) .*$/  {"\1", (void *) 0},/p'\'' -e '\''s/^[ABCDGIRSTW][ABCDGIRSTW]* .* \(.*\)$/  {"\1", (void *) \&\1},/p'\'''
lt_cv_sys_global_symbol_to_c_name_address_lib_prefix='sed -n -e '\''s/^: \(.*\) .*$/  {"\1", (void *) 0},/p'\'' -e '\''s/^[ABCDGIRSTW][ABCDGIRSTW]* .* \(lib.*\)$/  {"\1", (void *) \&\1},/p'\'' -e '\''s/^[ABCDGIRSTW][ABCDGIRSTW]* .* \(.*\)$/  {"lib\1", (void *) \&\1},/p'\'''
lt_cv_sys_global_symbol_to_cdecl='sed -n -e '\''s/^T .* \(.*\)$/extern int \1();/p'\'' -e '\''s/^[ABCDGIRSTW][ABCDGIRSTW]* .* \(.*\)$/extern char \1;/p'\'''
lt_cv_sys_global_symbol_to_import=
lt_cv_sys_max_cmd_len=1572864
lt_cv_to_host_file_cmd=func_convert_file_noop
lt_cv_to_tool_file_cmd=func_convert_file_noop
lt_cv_truncate_bin='/bin/dd bs=4096 count=1'

## ----------------- ##
## Output variables. ##
## ----------------- ##

ACLOCAL='${SHELL} /home/aether/Desktop/pkgbuilds/acl/src/acl-2.2.53/build-aux/missing aclocal-1.15'
AMDEPBACKSLASH='\'
AMDEP_FALSE='#'
AMDEP_TRUE=''
AMTAR='$${TAR-tar}'
AM_BACKSLASH='\'
AM_DEFAULT_V='$(AM_DEFAULT_VERBOSITY)'
AM_DEFAULT_VERBOSITY='0'
AM_V='$(V)'
AR='ar'
AUTOCONF='${SHELL} /home/aether/Desktop/pkgbuilds/acl/src/acl-2.2.53/build-aux/missing autoconf'
AUTOHEADER='${SHELL} /home/aether/Desktop/pkgbuilds/acl/src/acl-2.2.53/build-aux/missing autoheader'
AUTOMAKE='${SHELL} /home/aether/Desktop/pkgbuilds/acl/src/acl-2.2.53/build-aux/missing automake-1.15'
AWK='gawk'
CC='gcc'
CCDEPMODE='depmode=gcc3'
CFLAGS='-march=x86-64 -mtune=generic -O2 -pipe -fstack-protector-strong -fno-plt -fvisibility=hidden'
CPP='gcc -E'
CPPFLAGS='-D_FORTIFY_SOURCE=2 -DNDEBUG'
CYGPATH_W='echo'
DEFS='-DHAVE_CONFIG_H'
DEPDIR='.deps'
DLLTOOL='false'
DSYMUTIL=''
DUMPBIN=''
ECHO_C=''
ECHO_N='-n'
ECHO_T=''
EGREP='/bin/grep -E'
EXEEXT=''
FGREP='/bin/grep -F'
GETTEXT_MACRO_VERSION='0.18'
GMSGFMT='/bin/msgfmt'
GMSGFMT_015='/bin/msgfmt'
GREP='/bin/grep'
INSTALL_DATA='${INSTALL} -m 644'
INSTALL_PROGRAM='${INSTALL}'
INSTALL_SCRIPT='${INSTALL}'
INSTALL_STRIP_PROGRAM='$(install_sh) -c -s'
INTLLIBS=''
INTL_MACOSX_LIBS=''
LD='/bin/ld -m elf_x86_64'
LDFLAGS='-Wl,-O1,--sort-common,--as-needed,-z,relro,-z,now'
LIBICONV='-liconv'
LIBINTL=''
LIBOBJS=''
LIBS='-lattr '
LIBTOOL='$(SHELL) $(top_builddir)/libtool'
LIPO=''
LN_S='ln -s'
LTLIBICONV='-liconv'
LTLIBINTL=''
LTLIBOBJS=''
LT_REVISION='2253'
LT_SYS_LIBRARY_PATH=''
MAKEINFO='${SHELL} /home/aether/Desktop/pkgbuilds/acl/src/acl-2.2.53/build-aux/missing makeinfo'
MANIFEST_TOOL=':'
MKDIR_P='/bin/mkdir -p'
MSGFMT='/bin/msgfmt'
MSGFMT_015='/bin/msgfmt'
MSGMERGE='/bin/msgmerge'
NM='/bin/nm -B'
NMEDIT=''
OBJDUMP='objdump'
OBJEXT='o'
OTOOL64=''
OTOOL=''
PACKAGE='acl'
PACKAGE_BUGREPORT='acl-devel@nongnu.org'
PACKAGE_NAME='acl'
PACKAGE_STRING='acl 2.2.53'
PACKAGE_TARNAME='acl'
PACKAGE_URL=''
PACKAGE_VERSION='2.2.53'
PATH_SEPARATOR=':'
POSUB='po'
RANLIB='ranlib'
SED='/bin/sed'
SET_MAKE=''
SHELL='/bin/sh'
STRIP='strip'
USE_NLS='yes'
VERSION='2.2.53'
XGETTEXT='/bin/xgettext'
XGETTEXT_015='/bin/xgettext'
XGETTEXT_EXTRA_OPTIONS=''
ac_ct_AR='ar'
ac_ct_CC='gcc'
ac_ct_DUMPBIN=''
am__EXEEXT_FALSE=''
am__EXEEXT_TRUE='#'
am__fastdepCC_FALSE='#'
am__fastdepCC_TRUE=''
am__include='include'
am__isrc=''
am__leading_dot='.'
am__nodep='_no'
am__quote=''
am__tar='$${TAR-tar} chof - "$$tardir"'
am__untar='$${TAR-tar} xf -'
bindir='${exec_prefix}/bin'
build='x86_64-pc-linux-gnu'
build_alias=''
build_cpu='x86_64'
build_os='linux-gnu'
build_vendor='pc'
datadir='${datarootdir}'
datarootdir='${prefix}/share'
docdir='${datarootdir}/doc/${PACKAGE_TARNAME}'
dvidir='${docdir}'
exec_prefix='${prefix}'
host='x86_64-pc-linux-gnu'
host_alias=''
host_cpu='x86_64'
host_os='linux-gnu'
host_vendor='pc'
htmldir='${docdir}'
includedir='${prefix}/include'
infodir='${datarootdir}/info'
install_sh='${SHELL} /home/aether/Desktop/pkgbuilds/acl/src/acl-2.2.53/build-aux/install-sh'
libattr='-lattr'
libdir='/usr/lib'
libexecdir='/usr/lib'
localedir='${datarootdir}/locale'
localstatedir='${prefix}/var'
mandir='${datarootdir}/man'
mkdir_p='$(MKDIR_P)'
oldincludedir='/usr/include'
pdfdir='${docdir}'
prefix='/usr'
program_transform_name='s,x,x,'
psdir='${docdir}'
sbindir='${exec_prefix}/sbin'
sharedstatedir='${prefix}/com'
sysconfdir='${prefix}/etc'
target_alias=''

## ----------- ##
## confdefs.h. ##
## ----------- ##

/* confdefs.h */
#define PACKAGE_NAME "acl"
#define PACKAGE_TARNAME "acl"
#define PACKAGE_VERSION "2.2.53"
#define PACKAGE_STRING "acl 2.2.53"
#define PACKAGE_BUGREPORT "acl-devel@nongnu.org"
#define PACKAGE_URL ""
#define PACKAGE "acl"
#define VERSION "2.2.53"
#define STDC_HEADERS 1
#define HAVE_SYS_TYPES_H 1
#define HAVE_SYS_STAT_H 1
#define HAVE_STDLIB_H 1
#define HAVE_STRING_H 1
#define HAVE_MEMORY_H 1
#define HAVE_STRINGS_H 1
#define HAVE_INTTYPES_H 1
#define HAVE_STDINT_H 1
#define HAVE_UNISTD_H 1
#define __EXTENSIONS__ 1
#define _ALL_SOURCE 1
#define _GNU_SOURCE 1
#define _POSIX_PTHREAD_SEMANTICS 1
#define _TANDEM_SOURCE 1
#define HAVE_VISIBILITY_ATTRIBUTE /**/
#define EXPORT __attribute__ ((visibility ("default"))) extern
#define HAVE_DLFCN_H 1
#define LT_OBJDIR ".libs/"
#define ENABLE_NLS 1
#define HAVE_GETTEXT 1
#define HAVE_DCGETTEXT 1
#define HAVE_ATTR_ERROR_CONTEXT_H 1
#define HAVE_LIBATTR 1

configure: exit 0
